<?xml version="1.0" encoding="UTF-8"?>
<testsuite xmlns:xsi="http://www.w3.org/2001/XMLSchema-instance" xsi:noNamespaceSchemaLocation="https://maven.apache.org/surefire/maven-surefire-plugin/xsd/surefire-test-report-3.0.xsd" version="3.0" name="TestLogin" time="21.298" tests="15" errors="0" skipped="0" failures="0">
  <properties>
    <property name="java.specification.version" value="14"/>
    <property name="sun.cpu.isalist" value="amd64"/>
    <property name="sun.jnu.encoding" value="Cp1251"/>
    <property name="java.class.path" value="D:\TestLogin-main\TestLogin-main\target\test-classes;D:\TestLogin-main\TestLogin-main\target\classes;C:\Users\Sergiy\.m2\repository\org\seleniumhq\selenium\selenium-java\4.23.1\selenium-java-4.23.1.jar;C:\Users\Sergiy\.m2\repository\org\seleniumhq\selenium\selenium-api\4.23.1\selenium-api-4.23.1.jar;C:\Users\Sergiy\.m2\repository\org\seleniumhq\selenium\selenium-chrome-driver\4.23.1\selenium-chrome-driver-4.23.1.jar;C:\Users\Sergiy\.m2\repository\com\google\auto\service\auto-service-annotations\1.1.1\auto-service-annotations-1.1.1.jar;C:\Users\Sergiy\.m2\repository\org\seleniumhq\selenium\selenium-chromium-driver\4.23.1\selenium-chromium-driver-4.23.1.jar;C:\Users\Sergiy\.m2\repository\org\seleniumhq\selenium\selenium-json\4.23.1\selenium-json-4.23.1.jar;C:\Users\Sergiy\.m2\repository\org\seleniumhq\selenium\selenium-manager\4.23.1\selenium-manager-4.23.1.jar;C:\Users\Sergiy\.m2\repository\org\seleniumhq\selenium\selenium-devtools-v125\4.23.1\selenium-devtools-v125-4.23.1.jar;C:\Users\Sergiy\.m2\repository\org\seleniumhq\selenium\selenium-devtools-v126\4.23.1\selenium-devtools-v126-4.23.1.jar;C:\Users\Sergiy\.m2\repository\org\seleniumhq\selenium\selenium-devtools-v127\4.23.1\selenium-devtools-v127-4.23.1.jar;C:\Users\Sergiy\.m2\repository\org\seleniumhq\selenium\selenium-devtools-v85\4.23.1\selenium-devtools-v85-4.23.1.jar;C:\Users\Sergiy\.m2\repository\org\seleniumhq\selenium\selenium-edge-driver\4.23.1\selenium-edge-driver-4.23.1.jar;C:\Users\Sergiy\.m2\repository\org\seleniumhq\selenium\selenium-firefox-driver\4.23.1\selenium-firefox-driver-4.23.1.jar;C:\Users\Sergiy\.m2\repository\org\seleniumhq\selenium\selenium-http\4.23.1\selenium-http-4.23.1.jar;C:\Users\Sergiy\.m2\repository\dev\failsafe\failsafe\3.3.2\failsafe-3.3.2.jar;C:\Users\Sergiy\.m2\repository\org\seleniumhq\selenium\selenium-ie-driver\4.23.1\selenium-ie-driver-4.23.1.jar;C:\Users\Sergiy\.m2\repository\org\seleniumhq\selenium\selenium-remote-driver\4.23.1\selenium-remote-driver-4.23.1.jar;C:\Users\Sergiy\.m2\repository\com\google\guava\guava\33.2.1-jre\guava-33.2.1-jre.jar;C:\Users\Sergiy\.m2\repository\com\google\guava\failureaccess\1.0.2\failureaccess-1.0.2.jar;C:\Users\Sergiy\.m2\repository\com\google\guava\listenablefuture\9999.0-empty-to-avoid-conflict-with-guava\listenablefuture-9999.0-empty-to-avoid-conflict-with-guava.jar;C:\Users\Sergiy\.m2\repository\com\google\code\findbugs\jsr305\3.0.2\jsr305-3.0.2.jar;C:\Users\Sergiy\.m2\repository\org\checkerframework\checker-qual\3.42.0\checker-qual-3.42.0.jar;C:\Users\Sergiy\.m2\repository\com\google\errorprone\error_prone_annotations\2.26.1\error_prone_annotations-2.26.1.jar;C:\Users\Sergiy\.m2\repository\com\google\j2objc\j2objc-annotations\3.0.0\j2objc-annotations-3.0.0.jar;C:\Users\Sergiy\.m2\repository\io\opentelemetry\semconv\opentelemetry-semconv\1.25.0-alpha\opentelemetry-semconv-1.25.0-alpha.jar;C:\Users\Sergiy\.m2\repository\io\opentelemetry\opentelemetry-api\1.40.0\opentelemetry-api-1.40.0.jar;C:\Users\Sergiy\.m2\repository\io\opentelemetry\opentelemetry-context\1.40.0\opentelemetry-context-1.40.0.jar;C:\Users\Sergiy\.m2\repository\io\opentelemetry\opentelemetry-exporter-logging\1.40.0\opentelemetry-exporter-logging-1.40.0.jar;C:\Users\Sergiy\.m2\repository\io\opentelemetry\opentelemetry-sdk-common\1.40.0\opentelemetry-sdk-common-1.40.0.jar;C:\Users\Sergiy\.m2\repository\io\opentelemetry\opentelemetry-sdk-extension-autoconfigure-spi\1.40.0\opentelemetry-sdk-extension-autoconfigure-spi-1.40.0.jar;C:\Users\Sergiy\.m2\repository\io\opentelemetry\opentelemetry-sdk-extension-autoconfigure\1.40.0\opentelemetry-sdk-extension-autoconfigure-1.40.0.jar;C:\Users\Sergiy\.m2\repository\io\opentelemetry\opentelemetry-api-incubator\1.40.0-alpha\opentelemetry-api-incubator-1.40.0-alpha.jar;C:\Users\Sergiy\.m2\repository\io\opentelemetry\opentelemetry-sdk-trace\1.40.0\opentelemetry-sdk-trace-1.40.0.jar;C:\Users\Sergiy\.m2\repository\io\opentelemetry\opentelemetry-sdk\1.40.0\opentelemetry-sdk-1.40.0.jar;C:\Users\Sergiy\.m2\repository\io\opentelemetry\opentelemetry-sdk-metrics\1.40.0\opentelemetry-sdk-metrics-1.40.0.jar;C:\Users\Sergiy\.m2\repository\io\opentelemetry\opentelemetry-sdk-logs\1.40.0\opentelemetry-sdk-logs-1.40.0.jar;C:\Users\Sergiy\.m2\repository\net\bytebuddy\byte-buddy\1.14.18\byte-buddy-1.14.18.jar;C:\Users\Sergiy\.m2\repository\org\seleniumhq\selenium\selenium-os\4.23.1\selenium-os-4.23.1.jar;C:\Users\Sergiy\.m2\repository\org\apache\commons\commons-exec\1.4.0\commons-exec-1.4.0.jar;C:\Users\Sergiy\.m2\repository\org\seleniumhq\selenium\selenium-safari-driver\4.23.1\selenium-safari-driver-4.23.1.jar;C:\Users\Sergiy\.m2\repository\org\seleniumhq\selenium\selenium-support\4.23.1\selenium-support-4.23.1.jar;C:\Users\Sergiy\.m2\repository\log4j\log4j\1.2.17\log4j-1.2.17.jar;C:\Users\Sergiy\.m2\repository\org\junit\jupiter\junit-jupiter\5.11.0\junit-jupiter-5.11.0.jar;C:\Users\Sergiy\.m2\repository\org\junit\jupiter\junit-jupiter-api\5.11.0\junit-jupiter-api-5.11.0.jar;C:\Users\Sergiy\.m2\repository\org\opentest4j\opentest4j\1.3.0\opentest4j-1.3.0.jar;C:\Users\Sergiy\.m2\repository\org\junit\platform\junit-platform-commons\1.11.0\junit-platform-commons-1.11.0.jar;C:\Users\Sergiy\.m2\repository\org\apiguardian\apiguardian-api\1.1.2\apiguardian-api-1.1.2.jar;C:\Users\Sergiy\.m2\repository\org\junit\jupiter\junit-jupiter-params\5.11.0\junit-jupiter-params-5.11.0.jar;C:\Users\Sergiy\.m2\repository\org\junit\jupiter\junit-jupiter-engine\5.11.0\junit-jupiter-engine-5.11.0.jar;C:\Users\Sergiy\.m2\repository\org\junit\platform\junit-platform-engine\1.11.0\junit-platform-engine-1.11.0.jar;C:\Users\Sergiy\.m2\repository\org\hamcrest\hamcrest-library\3.0\hamcrest-library-3.0.jar;C:\Users\Sergiy\.m2\repository\org\hamcrest\hamcrest-core\3.0\hamcrest-core-3.0.jar;C:\Users\Sergiy\.m2\repository\org\hamcrest\hamcrest\3.0\hamcrest-3.0.jar;"/>
    <property name="java.vm.vendor" value="Oracle Corporation"/>
    <property name="sun.arch.data.model" value="64"/>
    <property name="user.variant" value=""/>
    <property name="java.vendor.url" value="https://java.oracle.com/"/>
    <property name="user.timezone" value="Europe/Kiev"/>
    <property name="os.name" value="Windows 10"/>
    <property name="java.vm.specification.version" value="14"/>
    <property name="sun.java.launcher" value="SUN_STANDARD"/>
    <property name="user.country" value="AU"/>
    <property name="sun.boot.library.path" value="C:\Program Files\Java\jdk-14.0.2\bin"/>
    <property name="sun.java.command" value="C:\Users\Sergiy\AppData\Local\Temp\surefire219296843343207239\surefirebooter17326094304640461716.jar C:\Users\Sergiy\AppData\Local\Temp\surefire219296843343207239 2024-08-19T15-57-55_709-jvmRun1 surefire5729173332183249320tmp surefire_010799171594645897319tmp"/>
    <property name="jdk.debug" value="release"/>
    <property name="test" value="TestLogin"/>
    <property name="surefire.test.class.path" value="D:\TestLogin-main\TestLogin-main\target\test-classes;D:\TestLogin-main\TestLogin-main\target\classes;C:\Users\Sergiy\.m2\repository\org\seleniumhq\selenium\selenium-java\4.23.1\selenium-java-4.23.1.jar;C:\Users\Sergiy\.m2\repository\org\seleniumhq\selenium\selenium-api\4.23.1\selenium-api-4.23.1.jar;C:\Users\Sergiy\.m2\repository\org\seleniumhq\selenium\selenium-chrome-driver\4.23.1\selenium-chrome-driver-4.23.1.jar;C:\Users\Sergiy\.m2\repository\com\google\auto\service\auto-service-annotations\1.1.1\auto-service-annotations-1.1.1.jar;C:\Users\Sergiy\.m2\repository\org\seleniumhq\selenium\selenium-chromium-driver\4.23.1\selenium-chromium-driver-4.23.1.jar;C:\Users\Sergiy\.m2\repository\org\seleniumhq\selenium\selenium-json\4.23.1\selenium-json-4.23.1.jar;C:\Users\Sergiy\.m2\repository\org\seleniumhq\selenium\selenium-manager\4.23.1\selenium-manager-4.23.1.jar;C:\Users\Sergiy\.m2\repository\org\seleniumhq\selenium\selenium-devtools-v125\4.23.1\selenium-devtools-v125-4.23.1.jar;C:\Users\Sergiy\.m2\repository\org\seleniumhq\selenium\selenium-devtools-v126\4.23.1\selenium-devtools-v126-4.23.1.jar;C:\Users\Sergiy\.m2\repository\org\seleniumhq\selenium\selenium-devtools-v127\4.23.1\selenium-devtools-v127-4.23.1.jar;C:\Users\Sergiy\.m2\repository\org\seleniumhq\selenium\selenium-devtools-v85\4.23.1\selenium-devtools-v85-4.23.1.jar;C:\Users\Sergiy\.m2\repository\org\seleniumhq\selenium\selenium-edge-driver\4.23.1\selenium-edge-driver-4.23.1.jar;C:\Users\Sergiy\.m2\repository\org\seleniumhq\selenium\selenium-firefox-driver\4.23.1\selenium-firefox-driver-4.23.1.jar;C:\Users\Sergiy\.m2\repository\org\seleniumhq\selenium\selenium-http\4.23.1\selenium-http-4.23.1.jar;C:\Users\Sergiy\.m2\repository\dev\failsafe\failsafe\3.3.2\failsafe-3.3.2.jar;C:\Users\Sergiy\.m2\repository\org\seleniumhq\selenium\selenium-ie-driver\4.23.1\selenium-ie-driver-4.23.1.jar;C:\Users\Sergiy\.m2\repository\org\seleniumhq\selenium\selenium-remote-driver\4.23.1\selenium-remote-driver-4.23.1.jar;C:\Users\Sergiy\.m2\repository\com\google\guava\guava\33.2.1-jre\guava-33.2.1-jre.jar;C:\Users\Sergiy\.m2\repository\com\google\guava\failureaccess\1.0.2\failureaccess-1.0.2.jar;C:\Users\Sergiy\.m2\repository\com\google\guava\listenablefuture\9999.0-empty-to-avoid-conflict-with-guava\listenablefuture-9999.0-empty-to-avoid-conflict-with-guava.jar;C:\Users\Sergiy\.m2\repository\com\google\code\findbugs\jsr305\3.0.2\jsr305-3.0.2.jar;C:\Users\Sergiy\.m2\repository\org\checkerframework\checker-qual\3.42.0\checker-qual-3.42.0.jar;C:\Users\Sergiy\.m2\repository\com\google\errorprone\error_prone_annotations\2.26.1\error_prone_annotations-2.26.1.jar;C:\Users\Sergiy\.m2\repository\com\google\j2objc\j2objc-annotations\3.0.0\j2objc-annotations-3.0.0.jar;C:\Users\Sergiy\.m2\repository\io\opentelemetry\semconv\opentelemetry-semconv\1.25.0-alpha\opentelemetry-semconv-1.25.0-alpha.jar;C:\Users\Sergiy\.m2\repository\io\opentelemetry\opentelemetry-api\1.40.0\opentelemetry-api-1.40.0.jar;C:\Users\Sergiy\.m2\repository\io\opentelemetry\opentelemetry-context\1.40.0\opentelemetry-context-1.40.0.jar;C:\Users\Sergiy\.m2\repository\io\opentelemetry\opentelemetry-exporter-logging\1.40.0\opentelemetry-exporter-logging-1.40.0.jar;C:\Users\Sergiy\.m2\repository\io\opentelemetry\opentelemetry-sdk-common\1.40.0\opentelemetry-sdk-common-1.40.0.jar;C:\Users\Sergiy\.m2\repository\io\opentelemetry\opentelemetry-sdk-extension-autoconfigure-spi\1.40.0\opentelemetry-sdk-extension-autoconfigure-spi-1.40.0.jar;C:\Users\Sergiy\.m2\repository\io\opentelemetry\opentelemetry-sdk-extension-autoconfigure\1.40.0\opentelemetry-sdk-extension-autoconfigure-1.40.0.jar;C:\Users\Sergiy\.m2\repository\io\opentelemetry\opentelemetry-api-incubator\1.40.0-alpha\opentelemetry-api-incubator-1.40.0-alpha.jar;C:\Users\Sergiy\.m2\repository\io\opentelemetry\opentelemetry-sdk-trace\1.40.0\opentelemetry-sdk-trace-1.40.0.jar;C:\Users\Sergiy\.m2\repository\io\opentelemetry\opentelemetry-sdk\1.40.0\opentelemetry-sdk-1.40.0.jar;C:\Users\Sergiy\.m2\repository\io\opentelemetry\opentelemetry-sdk-metrics\1.40.0\opentelemetry-sdk-metrics-1.40.0.jar;C:\Users\Sergiy\.m2\repository\io\opentelemetry\opentelemetry-sdk-logs\1.40.0\opentelemetry-sdk-logs-1.40.0.jar;C:\Users\Sergiy\.m2\repository\net\bytebuddy\byte-buddy\1.14.18\byte-buddy-1.14.18.jar;C:\Users\Sergiy\.m2\repository\org\seleniumhq\selenium\selenium-os\4.23.1\selenium-os-4.23.1.jar;C:\Users\Sergiy\.m2\repository\org\apache\commons\commons-exec\1.4.0\commons-exec-1.4.0.jar;C:\Users\Sergiy\.m2\repository\org\seleniumhq\selenium\selenium-safari-driver\4.23.1\selenium-safari-driver-4.23.1.jar;C:\Users\Sergiy\.m2\repository\org\seleniumhq\selenium\selenium-support\4.23.1\selenium-support-4.23.1.jar;C:\Users\Sergiy\.m2\repository\log4j\log4j\1.2.17\log4j-1.2.17.jar;C:\Users\Sergiy\.m2\repository\org\junit\jupiter\junit-jupiter\5.11.0\junit-jupiter-5.11.0.jar;C:\Users\Sergiy\.m2\repository\org\junit\jupiter\junit-jupiter-api\5.11.0\junit-jupiter-api-5.11.0.jar;C:\Users\Sergiy\.m2\repository\org\opentest4j\opentest4j\1.3.0\opentest4j-1.3.0.jar;C:\Users\Sergiy\.m2\repository\org\junit\platform\junit-platform-commons\1.11.0\junit-platform-commons-1.11.0.jar;C:\Users\Sergiy\.m2\repository\org\apiguardian\apiguardian-api\1.1.2\apiguardian-api-1.1.2.jar;C:\Users\Sergiy\.m2\repository\org\junit\jupiter\junit-jupiter-params\5.11.0\junit-jupiter-params-5.11.0.jar;C:\Users\Sergiy\.m2\repository\org\junit\jupiter\junit-jupiter-engine\5.11.0\junit-jupiter-engine-5.11.0.jar;C:\Users\Sergiy\.m2\repository\org\junit\platform\junit-platform-engine\1.11.0\junit-platform-engine-1.11.0.jar;C:\Users\Sergiy\.m2\repository\org\hamcrest\hamcrest-library\3.0\hamcrest-library-3.0.jar;C:\Users\Sergiy\.m2\repository\org\hamcrest\hamcrest-core\3.0\hamcrest-core-3.0.jar;C:\Users\Sergiy\.m2\repository\org\hamcrest\hamcrest\3.0\hamcrest-3.0.jar;"/>
    <property name="sun.cpu.endian" value="little"/>
    <property name="user.home" value="C:\Users\Sergiy"/>
    <property name="user.language" value="en"/>
    <property name="java.specification.vendor" value="Oracle Corporation"/>
    <property name="java.version.date" value="2020-07-14"/>
    <property name="java.home" value="C:\Program Files\Java\jdk-14.0.2"/>
    <property name="file.separator" value="\"/>
    <property name="basedir" value="D:\TestLogin-main\TestLogin-main"/>
    <property name="java.vm.compressedOopsMode" value="Zero based"/>
    <property name="line.separator" value="&#10;"/>
    <property name="java.vm.specification.vendor" value="Oracle Corporation"/>
    <property name="java.specification.name" value="Java Platform API Specification"/>
    <property name="surefire.real.class.path" value="C:\Users\Sergiy\AppData\Local\Temp\surefire219296843343207239\surefirebooter17326094304640461716.jar"/>
    <property name="user.script" value=""/>
    <property name="sun.management.compiler" value="HotSpot 64-Bit Tiered Compilers"/>
    <property name="java.runtime.version" value="14.0.2+12-46"/>
    <property name="user.name" value="Sergiy"/>
    <property name="path.separator" value=";"/>
    <property name="os.version" value="10.0"/>
    <property name="java.runtime.name" value="Java(TM) SE Runtime Environment"/>
    <property name="file.encoding" value="Cp1252"/>
    <property name="browser" value="edge"/>
    <property name="java.vm.name" value="Java HotSpot(TM) 64-Bit Server VM"/>
    <property name="localRepository" value="C:\Users\Sergiy\.m2\repository"/>
    <property name="java.vendor.url.bug" value="https://bugreport.java.com/bugreport/"/>
    <property name="java.io.tmpdir" value="C:\Users\Sergiy\AppData\Local\Temp\"/>
    <property name="java.version" value="14.0.2"/>
    <property name="user.dir" value="D:\TestLogin-main\TestLogin-main"/>
    <property name="os.arch" value="amd64"/>
    <property name="java.vm.specification.name" value="Java Virtual Machine Specification"/>
    <property name="sun.os.patch.level" value=""/>
    <property name="java.library.path" value="C:\Program Files\Java\jdk-14.0.2\bin;C:\Windows\Sun\Java\bin;C:\Windows\system32;C:\Windows;C:\Program Files\Microsoft MPI\Bin\;C:\Program Files (x86)\VMware\VMware Player\bin\;C:\Python310\Scripts\;C:\Python310\;C:\Program Files\Common Files\Oracle\Java\javapath;C:\Program Files (x86)\Common Files\Oracle\Java\javapath;C:\Windows\system32;C:\Windows;C:\Windows\System32\Wbem;C:\Windows\System32\WindowsPowerShell\v1.0\;C:\Windows\System32\OpenSSH\;&quot;C:\Program Files\Git\cmd;C:\Program Files\Java\jdk-14.0.2&quot;;C:\Program Files\Git\cmd;C:\Program Files (x86)\NVIDIA Corporation\PhysX\Common;C:\xampp\php;C:\composer;C:\HashiCorp\Vagrant\bin;C:\ProgramData\chocolatey\bin;C:\Program Files\nodejs\;C:\Program Files\NVIDIA Corporation\NVIDIA NvDLISR;C:\Program Files\dotnet\;D:\Rose\common;D:\maven\apache-maven-3.9.9-bin\apache-maven-3.9.9\bin;D:\webdriver\selenium-java-4.23.0;&quot;C:\Users\Sergiy\AppData\Local\Microsoft\WindowsApps;C:\Program Files\Java\jdk-14.0.2&quot;;C:\Program Files\Java\jdk-14.0.2\bin;C:\Users\Sergiy\AppData\Local\GitHubDesktop\bin;C:\Users\Sergiy\AppData\Roaming\Composer\vendor\bin;C:\Users\Sergiy\AppData\Roaming\npm;C:\Users\Sergiy\AppData\Local\JetBrains\Toolbox\scripts;;."/>
    <property name="java.vm.info" value="mixed mode, sharing"/>
    <property name="java.vendor" value="Oracle Corporation"/>
    <property name="java.vm.version" value="14.0.2+12-46"/>
    <property name="sun.io.unicode.encoding" value="UnicodeLittle"/>
    <property name="java.class.version" value="58.0"/>
  </properties>
  <testcase name="testValidLogin(String)[5]" classname="TestLogin" time="18.984">
    <system-out><![CDATA[2024-08-19 15:58:00 INFO  TestLogin:26 - Fill user name
2024-08-19 15:58:01 INFO  TestLogin:26 - Fill password
2024-08-19 15:58:01 INFO  TestLogin:33 - Clicking the login button
2024-08-19 15:58:07 INFO  TestLogin:26 - Fill user name
2024-08-19 15:58:08 INFO  TestLogin:26 - Fill password
2024-08-19 15:58:09 INFO  TestLogin:26 - Fill user name
2024-08-19 15:58:09 INFO  TestLogin:33 - Clicking the login button
2024-08-19 15:58:09 INFO  TestLogin:26 - Fill password
2024-08-19 15:58:09 INFO  TestLogin:26 - Fill user name
2024-08-19 15:58:09 INFO  TestLogin:44 - Error message text: Epic sadface: Password is required
2024-08-19 15:58:09 INFO  TestLogin:26 - Fill user name
2024-08-19 15:58:10 INFO  TestLogin:26 - Fill user name
2024-08-19 15:58:10 INFO  TestLogin:26 - Fill password
2024-08-19 15:58:10 INFO  TestLogin:26 - Fill password
2024-08-19 15:58:10 INFO  TestLogin:33 - Clicking the login button
2024-08-19 15:58:10 INFO  TestLogin:33 - Clicking the login button
2024-08-19 15:58:10 INFO  TestLogin:33 - Clicking the login button
2024-08-19 15:58:10 INFO  TestLogin:44 - Error message text: Epic sadface: Password is required
2024-08-19 15:58:11 INFO  TestLogin:26 - Fill user name
2024-08-19 15:58:11 INFO  TestLogin:44 - Error message text: Epic sadface: Username is required
2024-08-19 15:58:12 INFO  TestLogin:26 - Fill password
2024-08-19 15:58:12 INFO  TestLogin:26 - Fill user name
2024-08-19 15:58:12 INFO  TestLogin:26 - Fill user name
2024-08-19 15:58:12 INFO  TestLogin:26 - Fill password
2024-08-19 15:58:12 INFO  TestLogin:26 - Fill user name
2024-08-19 15:58:12 INFO  TestLogin:26 - Fill password
2024-08-19 15:58:12 INFO  TestLogin:26 - Fill password
2024-08-19 15:58:13 INFO  TestLogin:26 - Fill password
2024-08-19 15:58:13 INFO  TestLogin:26 - Fill user name
2024-08-19 15:58:13 INFO  TestLogin:33 - Clicking the login button
2024-08-19 15:58:13 INFO  TestLogin:33 - Clicking the login button
2024-08-19 15:58:13 INFO  TestLogin:33 - Clicking the login button
2024-08-19 15:58:13 INFO  TestLogin:26 - Fill password
2024-08-19 15:58:13 INFO  TestLogin:33 - Clicking the login button
2024-08-19 15:58:13 INFO  TestLogin:33 - Clicking the login button
2024-08-19 15:58:13 INFO  TestLogin:44 - Error message text: Epic sadface: Password is required
2024-08-19 15:58:13 INFO  TestLogin:44 - Error message text: Epic sadface: Username is required
2024-08-19 15:58:13 INFO  TestLogin:44 - Error message text: Epic sadface: Username is required
2024-08-19 15:58:13 INFO  TestLogin:44 - Error message text: Epic sadface: Username is required
2024-08-19 15:58:14 INFO  TestLogin:26 - Fill user name
2024-08-19 15:58:14 INFO  TestLogin:26 - Fill user name
2024-08-19 15:58:14 INFO  TestLogin:26 - Fill password
2024-08-19 15:58:14 INFO  TestLogin:33 - Clicking the login button
2024-08-19 15:58:14 INFO  TestLogin:33 - Clicking the login button
2024-08-19 15:58:14 INFO  TestLogin:26 - Fill user name
2024-08-19 15:58:14 INFO  TestLogin:44 - Error message text: Epic sadface: Username is required
2024-08-19 15:58:15 INFO  TestLogin:26 - Fill password
2024-08-19 15:58:15 INFO  TestLogin:44 - Error message text: Epic sadface: Password is required
2024-08-19 15:58:15 INFO  TestLogin:26 - Fill user name
2024-08-19 15:58:15 INFO  TestLogin:26 - Fill password
2024-08-19 15:58:15 INFO  TestLogin:33 - Clicking the login button
2024-08-19 15:58:15 INFO  TestLogin:26 - Fill password
2024-08-19 15:58:16 INFO  TestLogin:33 - Clicking the login button
2024-08-19 15:58:16 INFO  TestLogin:44 - Error message text: Epic sadface: Password is required
2024-08-19 15:58:16 INFO  TestLogin:33 - Clicking the login button
]]></system-out>
  </testcase>
  <testcase name="testValidLogin(String)[3]" classname="TestLogin" time="20.602"/>
  <testcase name="testPasswordRequired(String)[4]" classname="TestLogin" time="20.891"/>
  <testcase name="testEmptyCredentials(String)[3]" classname="TestLogin" time="20.911"/>
  <testcase name="testEmptyCredentials(String)[2]" classname="TestLogin" time="20.937"/>
  <testcase name="testValidLogin(String)[1]" classname="TestLogin" time="20.968"/>
  <testcase name="testEmptyCredentials(String)[1]" classname="TestLogin" time="20.984"/>
  <testcase name="testEmptyCredentials(String)[4]" classname="TestLogin" time="21.023"/>
  <testcase name="testValidLogin(String)[4]" classname="TestLogin" time="21.046"/>
  <testcase name="testPasswordRequired(String)[2]" classname="TestLogin" time="21.061"/>
  <testcase name="testPasswordRequired(String)[1]" classname="TestLogin" time="21.109"/>
  <testcase name="testPasswordRequired(String)[5]" classname="TestLogin" time="19.508"/>
  <testcase name="testValidLogin(String)[2]" classname="TestLogin" time="21.152"/>
  <testcase name="testPasswordRequired(String)[3]" classname="TestLogin" time="21.2"/>
  <testcase name="testEmptyCredentials(String)[5]" classname="TestLogin" time="19.608"/>
</testsuite>